<?xml version="1.0" encoding="UTF-8"?>
<!-- Generated by org.testng.reporters.JUnitXMLReporter -->
<testsuite ignored="0" hostname="RKK" failures="0" tests="5" name="Test" time="52.429" errors="0" timestamp="2023-01-25T16:55:13 IST">
  <testcase classname="com.nopCommerceBase.TestBase" name="@BeforeMethod setUp" time="-1.674645862607E9">
    <failure type="org.testng.TestNGException" message="
Parameter &amp;apos;browserName&amp;apos; is required by BeforeMethod on method setUp but has not been marked @Optional or defined
in C:\Users\One\Documents\TestData\nopCommerce\testng.xml">
      <![CDATA[org.testng.TestNGException: 
Parameter 'browserName' is required by BeforeMethod on method setUp but has not been marked @Optional or defined
in C:\Users\One\Documents\TestData\nopCommerce\testng.xml
at java.base/java.util.ArrayList.forEach(ArrayList.java:1540)
... Removed 28 stack frames]]>
    </failure>
  </testcase> <!-- @BeforeMethod setUp -->
  <testcase classname="com.nopCommerceTestClasses.RegisterPageTest" name="@BeforeMethod set" time="0.078">
    <failure type="java.lang.NullPointerException">
      <![CDATA[java.lang.NullPointerException
at com.nopCommerceBase.ActionManager.Click(ActionManager.java:23)
at com.nopCommercePOMClasses.IndexPage.clickRegister(IndexPage.java:32)
at com.nopCommerceTestClasses.RegisterPageTest.set(RegisterPageTest.java:25)
at java.base/java.util.ArrayList.forEach(ArrayList.java:1540)
... Removed 31 stack frames]]>
    </failure>
  </testcase> <!-- @BeforeMethod set -->
  <testcase classname="com.nopCommerceBase.TestBase" name="@AfterMethod tearDown" time="10.007">
    <failure type="java.lang.NullPointerException">
      <![CDATA[java.lang.NullPointerException
at com.nopCommerceBase.TestBase.tearDown(TestBase.java:66)
at java.base/java.util.ArrayList.forEach(ArrayList.java:1540)
... Removed 32 stack frames]]>
    </failure>
  </testcase> <!-- @AfterMethod tearDown -->
  <testcase classname="com.nopCommerceBase.TestBase" name="@BeforeMethod setUp" time="-1.674645872761E9">
    <failure type="org.testng.TestNGException" message="
Parameter &amp;apos;browserName&amp;apos; is required by BeforeMethod on method setUp but has not been marked @Optional or defined
in C:\Users\One\Documents\TestData\nopCommerce\testng.xml">
      <![CDATA[org.testng.TestNGException: 
Parameter 'browserName' is required by BeforeMethod on method setUp but has not been marked @Optional or defined
in C:\Users\One\Documents\TestData\nopCommerce\testng.xml
at java.base/java.util.ArrayList.forEach(ArrayList.java:1540)
... Removed 28 stack frames]]>
    </failure>
  </testcase> <!-- @BeforeMethod setUp -->
  <testcase classname="com.nopCommerceTestClasses.RegisterPageTest" name="@BeforeMethod set" time="0.015">
    <failure type="java.lang.NullPointerException">
      <![CDATA[java.lang.NullPointerException
at com.nopCommerceBase.ActionManager.Click(ActionManager.java:23)
at com.nopCommercePOMClasses.IndexPage.clickRegister(IndexPage.java:32)
at com.nopCommerceTestClasses.RegisterPageTest.set(RegisterPageTest.java:25)
at java.base/java.util.ArrayList.forEach(ArrayList.java:1540)
... Removed 31 stack frames]]>
    </failure>
  </testcase> <!-- @BeforeMethod set -->
  <testcase classname="com.nopCommerceBase.TestBase" name="@AfterMethod tearDown" time="10.002">
    <failure type="java.lang.NullPointerException">
      <![CDATA[java.lang.NullPointerException
at com.nopCommerceBase.TestBase.tearDown(TestBase.java:66)
at java.base/java.util.ArrayList.forEach(ArrayList.java:1540)
... Removed 32 stack frames]]>
    </failure>
  </testcase> <!-- @AfterMethod tearDown -->
  <testcase classname="com.nopCommerceBase.TestBase" name="@BeforeMethod setUp" time="-1.674645882817E9">
    <failure type="org.testng.TestNGException" message="
Parameter &amp;apos;browserName&amp;apos; is required by BeforeMethod on method setUp but has not been marked @Optional or defined
in C:\Users\One\Documents\TestData\nopCommerce\testng.xml">
      <![CDATA[org.testng.TestNGException: 
Parameter 'browserName' is required by BeforeMethod on method setUp but has not been marked @Optional or defined
in C:\Users\One\Documents\TestData\nopCommerce\testng.xml
at java.base/java.util.ArrayList.forEach(ArrayList.java:1540)
... Removed 28 stack frames]]>
    </failure>
  </testcase> <!-- @BeforeMethod setUp -->
  <testcase classname="com.nopCommerceBase.TestBase" name="@AfterMethod tearDown" time="10.015">
    <failure type="java.lang.NullPointerException">
      <![CDATA[java.lang.NullPointerException
at com.nopCommerceBase.TestBase.tearDown(TestBase.java:66)
at java.base/java.util.ArrayList.forEach(ArrayList.java:1540)
... Removed 32 stack frames]]>
    </failure>
  </testcase> <!-- @AfterMethod tearDown -->
  <testcase classname="com.nopCommerceBase.TestBase" name="@BeforeMethod setUp" time="-1.674645892859E9">
    <failure type="org.testng.TestNGException" message="
Parameter &amp;apos;browserName&amp;apos; is required by BeforeMethod on method setUp but has not been marked @Optional or defined
in C:\Users\One\Documents\TestData\nopCommerce\testng.xml">
      <![CDATA[org.testng.TestNGException: 
Parameter 'browserName' is required by BeforeMethod on method setUp but has not been marked @Optional or defined
in C:\Users\One\Documents\TestData\nopCommerce\testng.xml
at java.base/java.util.ArrayList.forEach(ArrayList.java:1540)
... Removed 28 stack frames]]>
    </failure>
  </testcase> <!-- @BeforeMethod setUp -->
  <testcase classname="com.nopCommerceBase.TestBase" name="@AfterMethod tearDown" time="10.005">
    <failure type="java.lang.NullPointerException">
      <![CDATA[java.lang.NullPointerException
at com.nopCommerceBase.TestBase.tearDown(TestBase.java:66)
at java.base/java.util.ArrayList.forEach(ArrayList.java:1540)
... Removed 32 stack frames]]>
    </failure>
  </testcase> <!-- @AfterMethod tearDown -->
  <testcase classname="com.nopCommerceBase.TestBase" name="@BeforeMethod setUp" time="-1.674645902904E9">
    <failure type="org.testng.TestNGException" message="
Parameter &amp;apos;browserName&amp;apos; is required by BeforeMethod on method setUp but has not been marked @Optional or defined
in C:\Users\One\Documents\TestData\nopCommerce\testng.xml">
      <![CDATA[org.testng.TestNGException: 
Parameter 'browserName' is required by BeforeMethod on method setUp but has not been marked @Optional or defined
in C:\Users\One\Documents\TestData\nopCommerce\testng.xml
at java.base/java.util.ArrayList.forEach(ArrayList.java:1540)
... Removed 28 stack frames]]>
    </failure>
  </testcase> <!-- @BeforeMethod setUp -->
  <testcase classname="com.nopCommerceBase.TestBase" name="@AfterMethod tearDown" time="10.015">
    <failure type="java.lang.NullPointerException">
      <![CDATA[java.lang.NullPointerException
at com.nopCommerceBase.TestBase.tearDown(TestBase.java:66)
at java.base/java.util.ArrayList.forEach(ArrayList.java:1540)
... Removed 32 stack frames]]>
    </failure>
  </testcase> <!-- @AfterMethod tearDown -->
  <testcase classname="com.nopCommerceTestClasses.RegisterPageTest" name="createUserTest" time="0.0">
    <skipped/>
  </testcase> <!-- createUserTest -->
  <testcase classname="com.nopCommerceTestClasses.RegisterPageTest" name="verifyRegisterPageTitle" time="0.0">
    <skipped/>
  </testcase> <!-- verifyRegisterPageTitle -->
  <testcase classname="com.nopCommerceTestClasses.IndexPageTest" name="verifyFollowLinksClickable" time="0.0">
    <skipped/>
  </testcase> <!-- verifyFollowLinksClickable -->
  <testcase classname="com.nopCommerceTestClasses.IndexPageTest" name="verifyIndexPageLogo" time="0.0">
    <skipped/>
  </testcase> <!-- verifyIndexPageLogo -->
  <testcase classname="com.nopCommerceTestClasses.IndexPageTest" name="verifyIndexPageTitle" time="0.0">
    <skipped/>
  </testcase> <!-- verifyIndexPageTitle -->
</testsuite> <!-- Test -->
